This file contains any messages produced by compilers while
running configure, to aid debugging if configure makes a mistake.

It was created by kyototycoon configure 0.9.51, which was
generated by GNU Autoconf 2.67.  Invocation command line was

  $ ./configure --prefix=/usr/local/kt/tycoon --with-kc=/usr/local/kt/cabinet

## --------- ##
## Platform. ##
## --------- ##

hostname = dragon-laptop
uname -m = i686
uname -r = 2.6.35-30-generic
uname -s = Linux
uname -v = #59-Ubuntu SMP Tue Aug 30 15:58:00 UTC 2011

/usr/bin/uname -p = unknown
/bin/uname -X     = unknown

/bin/arch              = unknown
/usr/bin/arch -k       = unknown
/usr/convex/getsysinfo = unknown
/usr/bin/hostinfo      = unknown
/bin/machine           = unknown
/usr/bin/oslevel       = unknown
/bin/universe          = unknown

PATH: /usr/local/git
PATH: /usr/local/git/bin
PATH: /usr/local/sbin
PATH: /usr/local/bin
PATH: /usr/sbin
PATH: /usr/bin
PATH: /sbin
PATH: /bin
PATH: /usr/games
PATH: /usr/local/hadoop-0.20.2/bin
PATH: /usr/local/hadoop-0.20.2/hive/bin


## ----------- ##
## Core tests. ##
## ----------- ##

configure:2352: checking for gcc
configure:2368: found /usr/bin/gcc
configure:2379: result: gcc
configure:2608: checking for C compiler version
configure:2617: gcc --version >&5
gcc (Ubuntu/Linaro 4.4.4-14ubuntu5) 4.4.5
Copyright (C) 2010 Free Software Foundation, Inc.
This is free software; see the source for copying conditions.  There is NO
warranty; not even for MERCHANTABILITY or FITNESS FOR A PARTICULAR PURPOSE.

configure:2628: $? = 0
configure:2617: gcc -v >&5
Using built-in specs.
Target: i686-linux-gnu
Configured with: ../src/configure -v --with-pkgversion='Ubuntu/Linaro 4.4.4-14ubuntu5' --with-bugurl=file:///usr/share/doc/gcc-4.4/README.Bugs --enable-languages=c,c++,fortran,objc,obj-c++ --prefix=/usr --program-suffix=-4.4 --enable-shared --enable-multiarch --enable-linker-build-id --with-system-zlib --libexecdir=/usr/lib --without-included-gettext --enable-threads=posix --with-gxx-include-dir=/usr/include/c++/4.4 --libdir=/usr/lib --enable-nls --with-sysroot=/ --enable-clocale=gnu --enable-libstdcxx-debug --enable-objc-gc --enable-targets=all --disable-werror --with-arch-32=i686 --with-tune=generic --enable-checking=release --build=i686-linux-gnu --host=i686-linux-gnu --target=i686-linux-gnu
Thread model: posix
gcc version 4.4.5 (Ubuntu/Linaro 4.4.4-14ubuntu5) 
configure:2628: $? = 0
configure:2617: gcc -V >&5
gcc: '-V' option must have argument
configure:2628: $? = 1
configure:2617: gcc -qversion >&5
gcc: unrecognized option '-qversion'
gcc: no input files
configure:2628: $? = 1
configure:2648: checking whether the C compiler works
configure:2670: gcc    conftest.c  >&5
configure:2674: $? = 0
configure:2722: result: yes
configure:2725: checking for C compiler default output file name
configure:2727: result: a.out
configure:2733: checking for suffix of executables
configure:2740: gcc -o conftest    conftest.c  >&5
configure:2744: $? = 0
configure:2766: result: 
configure:2788: checking whether we are cross compiling
configure:2796: gcc -o conftest    conftest.c  >&5
configure:2800: $? = 0
configure:2807: ./conftest
configure:2811: $? = 0
configure:2826: result: no
configure:2831: checking for suffix of object files
configure:2853: gcc -c   conftest.c >&5
configure:2857: $? = 0
configure:2878: result: o
configure:2882: checking whether we are using the GNU C compiler
configure:2901: gcc -c   conftest.c >&5
configure:2901: $? = 0
configure:2910: result: yes
configure:2919: checking whether gcc accepts -g
configure:2939: gcc -c -g  conftest.c >&5
configure:2939: $? = 0
configure:2980: result: yes
configure:2997: checking for gcc option to accept ISO C89
configure:3061: gcc  -c -g -O2  conftest.c >&5
configure:3061: $? = 0
configure:3074: result: none needed
configure:3152: checking for g++
configure:3168: found /usr/bin/g++
configure:3179: result: g++
configure:3206: checking for C++ compiler version
configure:3215: g++ --version >&5
g++ (Ubuntu/Linaro 4.4.4-14ubuntu5) 4.4.5
Copyright (C) 2010 Free Software Foundation, Inc.
This is free software; see the source for copying conditions.  There is NO
warranty; not even for MERCHANTABILITY or FITNESS FOR A PARTICULAR PURPOSE.

configure:3226: $? = 0
configure:3215: g++ -v >&5
Using built-in specs.
Target: i686-linux-gnu
Configured with: ../src/configure -v --with-pkgversion='Ubuntu/Linaro 4.4.4-14ubuntu5' --with-bugurl=file:///usr/share/doc/gcc-4.4/README.Bugs --enable-languages=c,c++,fortran,objc,obj-c++ --prefix=/usr --program-suffix=-4.4 --enable-shared --enable-multiarch --enable-linker-build-id --with-system-zlib --libexecdir=/usr/lib --without-included-gettext --enable-threads=posix --with-gxx-include-dir=/usr/include/c++/4.4 --libdir=/usr/lib --enable-nls --with-sysroot=/ --enable-clocale=gnu --enable-libstdcxx-debug --enable-objc-gc --enable-targets=all --disable-werror --with-arch-32=i686 --with-tune=generic --enable-checking=release --build=i686-linux-gnu --host=i686-linux-gnu --target=i686-linux-gnu
Thread model: posix
gcc version 4.4.5 (Ubuntu/Linaro 4.4.4-14ubuntu5) 
configure:3226: $? = 0
configure:3215: g++ -V >&5
g++: '-V' option must have argument
configure:3226: $? = 1
configure:3215: g++ -qversion >&5
g++: unrecognized option '-qversion'
g++: no input files
configure:3226: $? = 1
configure:3230: checking whether we are using the GNU C++ compiler
configure:3249: g++ -c   conftest.cpp >&5
configure:3249: $? = 0
configure:3258: result: yes
configure:3267: checking whether g++ accepts -g
configure:3287: g++ -c -g  conftest.cpp >&5
configure:3287: $? = 0
configure:3328: result: yes
configure:3396: checking for main in -lc
configure:3415: g++ -o conftest -g -O2   conftest.cpp -lc   >&5
configure:3415: $? = 0
configure:3424: result: yes
configure:3435: checking for main in -lm
configure:3454: g++ -o conftest -g -O2   conftest.cpp -lm  -lc  >&5
configure:3454: $? = 0
configure:3463: result: yes
configure:3474: checking for main in -lpthread
configure:3493: g++ -o conftest -g -O2   conftest.cpp -lpthread  -lm -lc  >&5
configure:3493: $? = 0
configure:3502: result: yes
configure:3513: checking for main in -lrt
configure:3532: g++ -o conftest -g -O2   conftest.cpp -lrt  -lpthread -lm -lc  >&5
configure:3532: $? = 0
configure:3541: result: yes
configure:3552: checking for main in -ldl
configure:3571: g++ -o conftest -g -O2   conftest.cpp -ldl  -lrt -lpthread -lm -lc  >&5
configure:3571: $? = 0
configure:3580: result: yes
configure:3591: checking for main in -lnsl
configure:3610: g++ -o conftest -g -O2   conftest.cpp -lnsl  -ldl -lrt -lpthread -lm -lc  >&5
configure:3610: $? = 0
configure:3619: result: yes
configure:3630: checking for main in -lsocket
configure:3649: g++ -o conftest -g -O2   conftest.cpp -lsocket  -lnsl -ldl -lrt -lpthread -lm -lc  >&5
/usr/bin/ld: cannot find -lsocket
collect2: ld returned 1 exit status
configure:3649: $? = 1
configure: failed program was:
| /* confdefs.h */
| #define PACKAGE_NAME "kyototycoon"
| #define PACKAGE_TARNAME "kyototycoon"
| #define PACKAGE_VERSION "0.9.51"
| #define PACKAGE_STRING "kyototycoon 0.9.51"
| #define PACKAGE_BUGREPORT ""
| #define PACKAGE_URL ""
| #define HAVE_LIBC 1
| #define HAVE_LIBM 1
| #define HAVE_LIBPTHREAD 1
| #define HAVE_LIBRT 1
| #define HAVE_LIBDL 1
| #define HAVE_LIBNSL 1
| /* end confdefs.h.  */
| 
| 
| int
| main ()
| {
| return main ();
|   ;
|   return 0;
| }
configure:3658: result: no
configure:3669: checking for main in -lresolv
configure:3688: g++ -o conftest -g -O2   conftest.cpp -lresolv  -lnsl -ldl -lrt -lpthread -lm -lc  >&5
configure:3688: $? = 0
configure:3697: result: yes
configure:3708: checking for main in -lstdc++
configure:3727: g++ -o conftest -g -O2   conftest.cpp -lstdc++  -lresolv -lnsl -ldl -lrt -lpthread -lm -lc  >&5
configure:3727: $? = 0
configure:3736: result: yes
configure:3747: checking for main in -lregex
configure:3766: g++ -o conftest -g -O2   conftest.cpp -lregex  -lstdc++ -lresolv -lnsl -ldl -lrt -lpthread -lm -lc  >&5
/usr/bin/ld: cannot find -lregex
collect2: ld returned 1 exit status
configure:3766: $? = 1
configure: failed program was:
| /* confdefs.h */
| #define PACKAGE_NAME "kyototycoon"
| #define PACKAGE_TARNAME "kyototycoon"
| #define PACKAGE_VERSION "0.9.51"
| #define PACKAGE_STRING "kyototycoon 0.9.51"
| #define PACKAGE_BUGREPORT ""
| #define PACKAGE_URL ""
| #define HAVE_LIBC 1
| #define HAVE_LIBM 1
| #define HAVE_LIBPTHREAD 1
| #define HAVE_LIBRT 1
| #define HAVE_LIBDL 1
| #define HAVE_LIBNSL 1
| #define HAVE_LIBRESOLV 1
| #define HAVE_LIBSTDC__ 1
| /* end confdefs.h.  */
| 
| 
| int
| main ()
| {
| return main ();
|   ;
|   return 0;
| }
configure:3775: result: no
configure:3786: checking for main in -lz
configure:3805: g++ -o conftest -g -O2   conftest.cpp -lz  -lstdc++ -lresolv -lnsl -ldl -lrt -lpthread -lm -lc  >&5
configure:3805: $? = 0
configure:3814: result: yes
configure:3825: checking for main in -llzo2
configure:3844: g++ -o conftest -g -O2   conftest.cpp -llzo2  -lz -lstdc++ -lresolv -lnsl -ldl -lrt -lpthread -lm -lc  >&5
/usr/bin/ld: cannot find -llzo2
collect2: ld returned 1 exit status
configure:3844: $? = 1
configure: failed program was:
| /* confdefs.h */
| #define PACKAGE_NAME "kyototycoon"
| #define PACKAGE_TARNAME "kyototycoon"
| #define PACKAGE_VERSION "0.9.51"
| #define PACKAGE_STRING "kyototycoon 0.9.51"
| #define PACKAGE_BUGREPORT ""
| #define PACKAGE_URL ""
| #define HAVE_LIBC 1
| #define HAVE_LIBM 1
| #define HAVE_LIBPTHREAD 1
| #define HAVE_LIBRT 1
| #define HAVE_LIBDL 1
| #define HAVE_LIBNSL 1
| #define HAVE_LIBRESOLV 1
| #define HAVE_LIBSTDC__ 1
| #define HAVE_LIBZ 1
| /* end confdefs.h.  */
| 
| 
| int
| main ()
| {
| return main ();
|   ;
|   return 0;
| }
configure:3853: result: no
configure:3864: checking for main in -llzma
configure:3883: g++ -o conftest -g -O2   conftest.cpp -llzma  -lz -lstdc++ -lresolv -lnsl -ldl -lrt -lpthread -lm -lc  >&5
/usr/bin/ld: cannot find -llzma
collect2: ld returned 1 exit status
configure:3883: $? = 1
configure: failed program was:
| /* confdefs.h */
| #define PACKAGE_NAME "kyototycoon"
| #define PACKAGE_TARNAME "kyototycoon"
| #define PACKAGE_VERSION "0.9.51"
| #define PACKAGE_STRING "kyototycoon 0.9.51"
| #define PACKAGE_BUGREPORT ""
| #define PACKAGE_URL ""
| #define HAVE_LIBC 1
| #define HAVE_LIBM 1
| #define HAVE_LIBPTHREAD 1
| #define HAVE_LIBRT 1
| #define HAVE_LIBDL 1
| #define HAVE_LIBNSL 1
| #define HAVE_LIBRESOLV 1
| #define HAVE_LIBSTDC__ 1
| #define HAVE_LIBZ 1
| /* end confdefs.h.  */
| 
| 
| int
| main ()
| {
| return main ();
|   ;
|   return 0;
| }
configure:3892: result: no
configure:3903: checking for main in -lkyotocabinet
configure:3922: g++ -o conftest -g -O2   conftest.cpp -lkyotocabinet  -lz -lstdc++ -lresolv -lnsl -ldl -lrt -lpthread -lm -lc  >&5
configure:3922: $? = 0
configure:3931: result: yes
configure:3942: checking for main in -lkyotocabinet
configure:3970: result: yes
configure:4049: checking for main in -lkyototycoon
configure:4068: g++ -o conftest -g -O2   conftest.cpp -lkyototycoon  -lkyotocabinet -lz -lstdc++ -lresolv -lnsl -ldl -lrt -lpthread -lm -lc  >&5
/usr/bin/ld: cannot find -lkyototycoon
collect2: ld returned 1 exit status
configure:4068: $? = 1
configure: failed program was:
| /* confdefs.h */
| #define PACKAGE_NAME "kyototycoon"
| #define PACKAGE_TARNAME "kyototycoon"
| #define PACKAGE_VERSION "0.9.51"
| #define PACKAGE_STRING "kyototycoon 0.9.51"
| #define PACKAGE_BUGREPORT ""
| #define PACKAGE_URL ""
| #define HAVE_LIBC 1
| #define HAVE_LIBM 1
| #define HAVE_LIBPTHREAD 1
| #define HAVE_LIBRT 1
| #define HAVE_LIBDL 1
| #define HAVE_LIBNSL 1
| #define HAVE_LIBRESOLV 1
| #define HAVE_LIBSTDC__ 1
| #define HAVE_LIBZ 1
| #define HAVE_LIBKYOTOCABINET 1
| /* end confdefs.h.  */
| 
| 
| int
| main ()
| {
| return main ();
|   ;
|   return 0;
| }
configure:4077: result: no
configure:4092: checking how to run the C++ preprocessor
configure:4119: g++ -E  conftest.cpp
configure:4119: $? = 0
configure:4133: g++ -E  conftest.cpp
conftest.cpp:19: fatal error: ac_nonexistent.h: No such file or directory
compilation terminated.
configure:4133: $? = 1
configure: failed program was:
| /* confdefs.h */
| #define PACKAGE_NAME "kyototycoon"
| #define PACKAGE_TARNAME "kyototycoon"
| #define PACKAGE_VERSION "0.9.51"
| #define PACKAGE_STRING "kyototycoon 0.9.51"
| #define PACKAGE_BUGREPORT ""
| #define PACKAGE_URL ""
| #define HAVE_LIBC 1
| #define HAVE_LIBM 1
| #define HAVE_LIBPTHREAD 1
| #define HAVE_LIBRT 1
| #define HAVE_LIBDL 1
| #define HAVE_LIBNSL 1
| #define HAVE_LIBRESOLV 1
| #define HAVE_LIBSTDC__ 1
| #define HAVE_LIBZ 1
| #define HAVE_LIBKYOTOCABINET 1
| /* end confdefs.h.  */
| #include <ac_nonexistent.h>
configure:4158: result: g++ -E
configure:4178: g++ -E  conftest.cpp
configure:4178: $? = 0
configure:4192: g++ -E  conftest.cpp
conftest.cpp:19: fatal error: ac_nonexistent.h: No such file or directory
compilation terminated.
configure:4192: $? = 1
configure: failed program was:
| /* confdefs.h */
| #define PACKAGE_NAME "kyototycoon"
| #define PACKAGE_TARNAME "kyototycoon"
| #define PACKAGE_VERSION "0.9.51"
| #define PACKAGE_STRING "kyototycoon 0.9.51"
| #define PACKAGE_BUGREPORT ""
| #define PACKAGE_URL ""
| #define HAVE_LIBC 1
| #define HAVE_LIBM 1
| #define HAVE_LIBPTHREAD 1
| #define HAVE_LIBRT 1
| #define HAVE_LIBDL 1
| #define HAVE_LIBNSL 1
| #define HAVE_LIBRESOLV 1
| #define HAVE_LIBSTDC__ 1
| #define HAVE_LIBZ 1
| #define HAVE_LIBKYOTOCABINET 1
| /* end confdefs.h.  */
| #include <ac_nonexistent.h>
configure:4221: checking for grep that handles long lines and -e
configure:4279: result: /bin/grep
configure:4284: checking for egrep
configure:4346: result: /bin/grep -E
configure:4351: checking for ANSI C header files
configure:4371: g++ -c -g -O2  conftest.cpp >&5
configure:4371: $? = 0
configure:4444: g++ -o conftest -g -O2   conftest.cpp -lkyotocabinet -lz -lstdc++ -lresolv -lnsl -ldl -lrt -lpthread -lm -lc  >&5
configure:4444: $? = 0
configure:4444: ./conftest
configure:4444: $? = 0
configure:4455: result: yes
configure:4468: checking for sys/types.h
configure:4468: g++ -c -g -O2  conftest.cpp >&5
configure:4468: $? = 0
configure:4468: result: yes
configure:4468: checking for sys/stat.h
configure:4468: g++ -c -g -O2  conftest.cpp >&5
configure:4468: $? = 0
configure:4468: result: yes
configure:4468: checking for stdlib.h
configure:4468: g++ -c -g -O2  conftest.cpp >&5
configure:4468: $? = 0
configure:4468: result: yes
configure:4468: checking for string.h
configure:4468: g++ -c -g -O2  conftest.cpp >&5
configure:4468: $? = 0
configure:4468: result: yes
configure:4468: checking for memory.h
configure:4468: g++ -c -g -O2  conftest.cpp >&5
configure:4468: $? = 0
configure:4468: result: yes
configure:4468: checking for strings.h
configure:4468: g++ -c -g -O2  conftest.cpp >&5
configure:4468: $? = 0
configure:4468: result: yes
configure:4468: checking for inttypes.h
configure:4468: g++ -c -g -O2  conftest.cpp >&5
configure:4468: $? = 0
configure:4468: result: yes
configure:4468: checking for stdint.h
configure:4468: g++ -c -g -O2  conftest.cpp >&5
configure:4468: $? = 0
configure:4468: result: yes
configure:4468: checking for unistd.h
configure:4468: g++ -c -g -O2  conftest.cpp >&5
configure:4468: $? = 0
configure:4468: result: yes
configure:4480: checking for stdlib.h
configure:4480: result: yes
configure:4488: checking for stdint.h
configure:4488: result: yes
configure:4496: checking for unistd.h
configure:4496: result: yes
configure:4504: checking sys/socket.h usability
configure:4504: g++ -c -g -O2  conftest.cpp >&5
configure:4504: $? = 0
configure:4504: result: yes
configure:4504: checking sys/socket.h presence
configure:4504: g++ -E  conftest.cpp
configure:4504: $? = 0
configure:4504: result: yes
configure:4504: checking for sys/socket.h
configure:4504: result: yes
configure:4512: checking kccommon.h usability
configure:4512: g++ -c -g -O2  conftest.cpp >&5
configure:4512: $? = 0
configure:4512: result: yes
configure:4512: checking kccommon.h presence
configure:4512: g++ -E  conftest.cpp
configure:4512: $? = 0
configure:4512: result: yes
configure:4512: checking for kccommon.h
configure:4512: result: yes
configure:4758: creating ./config.status

## ---------------------- ##
## Running config.status. ##
## ---------------------- ##

This file was extended by kyototycoon config.status 0.9.51, which was
generated by GNU Autoconf 2.67.  Invocation command line was

  CONFIG_FILES    = 
  CONFIG_HEADERS  = 
  CONFIG_LINKS    = 
  CONFIG_COMMANDS = 
  $ ./config.status 

on dragon-laptop

config.status:759: creating Makefile
config.status:759: creating kyototycoon.pc

## ---------------- ##
## Cache variables. ##
## ---------------- ##

ac_cv_c_compiler_gnu=yes
ac_cv_cxx_compiler_gnu=yes
ac_cv_env_CCC_set=
ac_cv_env_CCC_value=
ac_cv_env_CC_set=
ac_cv_env_CC_value=
ac_cv_env_CFLAGS_set=
ac_cv_env_CFLAGS_value=
ac_cv_env_CPPFLAGS_set=
ac_cv_env_CPPFLAGS_value=
ac_cv_env_CXXCPP_set=
ac_cv_env_CXXCPP_value=
ac_cv_env_CXXFLAGS_set=
ac_cv_env_CXXFLAGS_value=
ac_cv_env_CXX_set=
ac_cv_env_CXX_value=
ac_cv_env_LDFLAGS_set=
ac_cv_env_LDFLAGS_value=
ac_cv_env_LIBS_set=
ac_cv_env_LIBS_value=
ac_cv_env_build_alias_set=
ac_cv_env_build_alias_value=
ac_cv_env_host_alias_set=
ac_cv_env_host_alias_value=
ac_cv_env_target_alias_set=
ac_cv_env_target_alias_value=
ac_cv_header_inttypes_h=yes
ac_cv_header_kccommon_h=yes
ac_cv_header_memory_h=yes
ac_cv_header_stdc=yes
ac_cv_header_stdint_h=yes
ac_cv_header_stdlib_h=yes
ac_cv_header_string_h=yes
ac_cv_header_strings_h=yes
ac_cv_header_sys_socket_h=yes
ac_cv_header_sys_stat_h=yes
ac_cv_header_sys_types_h=yes
ac_cv_header_unistd_h=yes
ac_cv_lib_c_main=yes
ac_cv_lib_dl_main=yes
ac_cv_lib_kyotocabinet_main=yes
ac_cv_lib_kyototycoon_main=no
ac_cv_lib_lzma_main=no
ac_cv_lib_lzo2_main=no
ac_cv_lib_m_main=yes
ac_cv_lib_nsl_main=yes
ac_cv_lib_pthread_main=yes
ac_cv_lib_regex_main=no
ac_cv_lib_resolv_main=yes
ac_cv_lib_rt_main=yes
ac_cv_lib_socket_main=no
ac_cv_lib_stdcpp_main=yes
ac_cv_lib_z_main=yes
ac_cv_objext=o
ac_cv_path_EGREP='/bin/grep -E'
ac_cv_path_GREP=/bin/grep
ac_cv_prog_CXXCPP='g++ -E'
ac_cv_prog_ac_ct_CC=gcc
ac_cv_prog_ac_ct_CXX=g++
ac_cv_prog_cc_c89=
ac_cv_prog_cc_g=yes
ac_cv_prog_cxx_g=yes

## ----------------- ##
## Output variables. ##
## ----------------- ##

CC='gcc'
CFLAGS='-g -O2'
CPPFLAGS=''
CXX='g++'
CXXCPP='g++ -E'
CXXFLAGS='-g -O2'
DEFS='-DPACKAGE_NAME=\"kyototycoon\" -DPACKAGE_TARNAME=\"kyototycoon\" -DPACKAGE_VERSION=\"0.9.51\" -DPACKAGE_STRING=\"kyototycoon\ 0.9.51\" -DPACKAGE_BUGREPORT=\"\" -DPACKAGE_URL=\"\" -DHAVE_LIBC=1 -DHAVE_LIBM=1 -DHAVE_LIBPTHREAD=1 -DHAVE_LIBRT=1 -DHAVE_LIBDL=1 -DHAVE_LIBNSL=1 -DHAVE_LIBRESOLV=1 -DHAVE_LIBSTDC__=1 -DHAVE_LIBZ=1 -DHAVE_LIBKYOTOCABINET=1 -DSTDC_HEADERS=1 -DHAVE_SYS_TYPES_H=1 -DHAVE_SYS_STAT_H=1 -DHAVE_STDLIB_H=1 -DHAVE_STRING_H=1 -DHAVE_MEMORY_H=1 -DHAVE_STRINGS_H=1 -DHAVE_INTTYPES_H=1 -DHAVE_STDINT_H=1 -DHAVE_UNISTD_H=1'
ECHO_C=''
ECHO_N='-n'
ECHO_T=''
EGREP='/bin/grep -E'
EXEEXT=''
GREP='/bin/grep'
LDFLAGS=''
LIBOBJS=''
LIBS='-lkyotocabinet -lz -lstdc++ -lresolv -lnsl -ldl -lrt -lpthread -lm -lc '
LTLIBOBJS=''
MYCFLAGS='-march=native -g -O2 -Wall -ansi -pedantic -fPIC -fsigned-char -g0 -O2'
MYCMDLDFLAGS=''
MYCMDLIBS=' -lkyotocabinet'
MYCOMMANDFILES='ktutiltest ktutilmgr ktutilserv kttimedtest kttimedmgr ktserver ktremotetest ktremotemgr'
MYCPPFLAGS='-I. -I$(INCLUDEDIR) -I/usr/local/include -DNDEBUG -D_GNU_SOURCE=1 -D_FILE_OFFSET_BITS=64 -D_REENTRANT -D__EXTENSIONS__ -I/usr/local/kt/cabinet/include'
MYCXXFLAGS='-march=native -g -O2 -Wall -fPIC -fsigned-char -g0 -O2'
MYDOCUMENTFILES='COPYING FOSSEXCEPTION ChangeLog doc kyototycoon.idl'
MYFORMATVER=''
MYHEADERFILES='ktcommon.h ktutil.h ktsocket.h ktthserv.h kthttp.h ktrpc.h ktulog.h ktshlib.h kttimeddb.h ktdbext.h ktremotedb.h ktplugserv.h ktplugdb.h'
MYLDFLAGS='-L. -L$(LIBDIR) -L/usr/local/lib -L/usr/local/kt/cabinet/lib -Wl,-rpath-link,.:/usr/local/lib:.:/usr/local/lib::/usr/local/kt/cabinet/lib -Wl,--as-needed'
MYLDLIBPATH='.:/usr/local/lib::/usr/local/kt/cabinet/lib'
MYLDLIBPATHENV='LD_LIBRARY_PATH'
MYLIBOBJFILES='ktutil.o ktsocket.o ktthserv.o kthttp.o ktrpc.o ktulog.o ktshlib.o kttimeddb.o ktdbext.o ktremotedb.o ktplugserv.o ktplugdb.o'
MYLIBRARYFILES='libkyototycoon.a libkyototycoon.so.2.15.0 libkyototycoon.so.2 libkyototycoon.so'
MYLIBREV='15'
MYLIBVER='2'
MYMAN1FILES='ktutiltest.1 ktutilmgr.1 ktutilserv.1 kttimedtest.1 kttimedmgr.1 ktserver.1 ktremotetest.1 ktremotemgr.1'
MYPCFILES='kyototycoon.pc'
MYPOSTCMD='true'
MYSHLIBFILES='ktplugservmemc.so ktplugdbvoid.so'
OBJEXT='o'
PACKAGE_BUGREPORT=''
PACKAGE_NAME='kyototycoon'
PACKAGE_STRING='kyototycoon 0.9.51'
PACKAGE_TARNAME='kyototycoon'
PACKAGE_URL=''
PACKAGE_VERSION='0.9.51'
PATH_SEPARATOR=':'
SHELL='/bin/bash'
ac_ct_CC='gcc'
ac_ct_CXX='g++'
bindir='${exec_prefix}/bin'
build_alias=''
datadir='${datarootdir}'
datarootdir='${prefix}/share'
docdir='${datarootdir}/doc/${PACKAGE_TARNAME}'
dvidir='${docdir}'
exec_prefix='${prefix}'
host_alias=''
htmldir='${docdir}'
includedir='${prefix}/include'
infodir='${datarootdir}/info'
libdir='${exec_prefix}/lib'
libexecdir='${exec_prefix}/libexec'
localedir='${datarootdir}/locale'
localstatedir='${prefix}/var'
mandir='${datarootdir}/man'
oldincludedir='/usr/include'
pdfdir='${docdir}'
prefix='/usr/local/kt/tycoon'
program_transform_name='s,x,x,'
psdir='${docdir}'
sbindir='${exec_prefix}/sbin'
sharedstatedir='${prefix}/com'
sysconfdir='${prefix}/etc'
target_alias=''

## ----------- ##
## confdefs.h. ##
## ----------- ##

/* confdefs.h */
#define PACKAGE_NAME "kyototycoon"
#define PACKAGE_TARNAME "kyototycoon"
#define PACKAGE_VERSION "0.9.51"
#define PACKAGE_STRING "kyototycoon 0.9.51"
#define PACKAGE_BUGREPORT ""
#define PACKAGE_URL ""
#define HAVE_LIBC 1
#define HAVE_LIBM 1
#define HAVE_LIBPTHREAD 1
#define HAVE_LIBRT 1
#define HAVE_LIBDL 1
#define HAVE_LIBNSL 1
#define HAVE_LIBRESOLV 1
#define HAVE_LIBSTDC__ 1
#define HAVE_LIBZ 1
#define HAVE_LIBKYOTOCABINET 1
#define STDC_HEADERS 1
#define HAVE_SYS_TYPES_H 1
#define HAVE_SYS_STAT_H 1
#define HAVE_STDLIB_H 1
#define HAVE_STRING_H 1
#define HAVE_MEMORY_H 1
#define HAVE_STRINGS_H 1
#define HAVE_INTTYPES_H 1
#define HAVE_STDINT_H 1
#define HAVE_UNISTD_H 1

configure: exit 0
