This file contains any messages produced by compilers while
running configure, to aid debugging if configure makes a mistake.

It was created by kyotocabinet configure 1.2.70, which was
generated by GNU Autoconf 2.67.  Invocation command line was

  $ ./configure --prefix=/usr/local/kt/cabinet

## --------- ##
## Platform. ##
## --------- ##

hostname = dragon-laptop
uname -m = i686
uname -r = 2.6.35-30-generic
uname -s = Linux
uname -v = #59-Ubuntu SMP Tue Aug 30 15:58:00 UTC 2011

/usr/bin/uname -p = unknown
/bin/uname -X     = unknown

/bin/arch              = unknown
/usr/bin/arch -k       = unknown
/usr/convex/getsysinfo = unknown
/usr/bin/hostinfo      = unknown
/bin/machine           = unknown
/usr/bin/oslevel       = unknown
/bin/universe          = unknown

PATH: /usr/local/git
PATH: /usr/local/git/bin
PATH: /usr/local/sbin
PATH: /usr/local/bin
PATH: /usr/sbin
PATH: /usr/bin
PATH: /sbin
PATH: /bin
PATH: /usr/games
PATH: /usr/local/hadoop-0.20.2/bin
PATH: /usr/local/hadoop-0.20.2/hive/bin


## ----------- ##
## Core tests. ##
## ----------- ##

configure:2333: checking for gcc
configure:2349: found /usr/bin/gcc
configure:2360: result: gcc
configure:2589: checking for C compiler version
configure:2598: gcc --version >&5
gcc (Ubuntu/Linaro 4.4.4-14ubuntu5) 4.4.5
Copyright (C) 2010 Free Software Foundation, Inc.
This is free software; see the source for copying conditions.  There is NO
warranty; not even for MERCHANTABILITY or FITNESS FOR A PARTICULAR PURPOSE.

configure:2609: $? = 0
configure:2598: gcc -v >&5
Using built-in specs.
Target: i686-linux-gnu
Configured with: ../src/configure -v --with-pkgversion='Ubuntu/Linaro 4.4.4-14ubuntu5' --with-bugurl=file:///usr/share/doc/gcc-4.4/README.Bugs --enable-languages=c,c++,fortran,objc,obj-c++ --prefix=/usr --program-suffix=-4.4 --enable-shared --enable-multiarch --enable-linker-build-id --with-system-zlib --libexecdir=/usr/lib --without-included-gettext --enable-threads=posix --with-gxx-include-dir=/usr/include/c++/4.4 --libdir=/usr/lib --enable-nls --with-sysroot=/ --enable-clocale=gnu --enable-libstdcxx-debug --enable-objc-gc --enable-targets=all --disable-werror --with-arch-32=i686 --with-tune=generic --enable-checking=release --build=i686-linux-gnu --host=i686-linux-gnu --target=i686-linux-gnu
Thread model: posix
gcc version 4.4.5 (Ubuntu/Linaro 4.4.4-14ubuntu5) 
configure:2609: $? = 0
configure:2598: gcc -V >&5
gcc: '-V' option must have argument
configure:2609: $? = 1
configure:2598: gcc -qversion >&5
gcc: unrecognized option '-qversion'
gcc: no input files
configure:2609: $? = 1
configure:2629: checking whether the C compiler works
configure:2651: gcc    conftest.c  >&5
configure:2655: $? = 0
configure:2703: result: yes
configure:2706: checking for C compiler default output file name
configure:2708: result: a.out
configure:2714: checking for suffix of executables
configure:2721: gcc -o conftest    conftest.c  >&5
configure:2725: $? = 0
configure:2747: result: 
configure:2769: checking whether we are cross compiling
configure:2777: gcc -o conftest    conftest.c  >&5
configure:2781: $? = 0
configure:2788: ./conftest
configure:2792: $? = 0
configure:2807: result: no
configure:2812: checking for suffix of object files
configure:2834: gcc -c   conftest.c >&5
configure:2838: $? = 0
configure:2859: result: o
configure:2863: checking whether we are using the GNU C compiler
configure:2882: gcc -c   conftest.c >&5
configure:2882: $? = 0
configure:2891: result: yes
configure:2900: checking whether gcc accepts -g
configure:2920: gcc -c -g  conftest.c >&5
configure:2920: $? = 0
configure:2961: result: yes
configure:2978: checking for gcc option to accept ISO C89
configure:3042: gcc  -c -g -O2  conftest.c >&5
configure:3042: $? = 0
configure:3055: result: none needed
configure:3133: checking for g++
configure:3149: found /usr/bin/g++
configure:3160: result: g++
configure:3187: checking for C++ compiler version
configure:3196: g++ --version >&5
g++ (Ubuntu/Linaro 4.4.4-14ubuntu5) 4.4.5
Copyright (C) 2010 Free Software Foundation, Inc.
This is free software; see the source for copying conditions.  There is NO
warranty; not even for MERCHANTABILITY or FITNESS FOR A PARTICULAR PURPOSE.

configure:3207: $? = 0
configure:3196: g++ -v >&5
Using built-in specs.
Target: i686-linux-gnu
Configured with: ../src/configure -v --with-pkgversion='Ubuntu/Linaro 4.4.4-14ubuntu5' --with-bugurl=file:///usr/share/doc/gcc-4.4/README.Bugs --enable-languages=c,c++,fortran,objc,obj-c++ --prefix=/usr --program-suffix=-4.4 --enable-shared --enable-multiarch --enable-linker-build-id --with-system-zlib --libexecdir=/usr/lib --without-included-gettext --enable-threads=posix --with-gxx-include-dir=/usr/include/c++/4.4 --libdir=/usr/lib --enable-nls --with-sysroot=/ --enable-clocale=gnu --enable-libstdcxx-debug --enable-objc-gc --enable-targets=all --disable-werror --with-arch-32=i686 --with-tune=generic --enable-checking=release --build=i686-linux-gnu --host=i686-linux-gnu --target=i686-linux-gnu
Thread model: posix
gcc version 4.4.5 (Ubuntu/Linaro 4.4.4-14ubuntu5) 
configure:3207: $? = 0
configure:3196: g++ -V >&5
g++: '-V' option must have argument
configure:3207: $? = 1
configure:3196: g++ -qversion >&5
g++: unrecognized option '-qversion'
g++: no input files
configure:3207: $? = 1
configure:3211: checking whether we are using the GNU C++ compiler
configure:3230: g++ -c   conftest.cpp >&5
configure:3230: $? = 0
configure:3239: result: yes
configure:3248: checking whether g++ accepts -g
configure:3268: g++ -c -g  conftest.cpp >&5
configure:3268: $? = 0
configure:3309: result: yes
configure:3359: checking how to run the C++ preprocessor
configure:3386: g++ -E  conftest.cpp
configure:3386: $? = 0
configure:3400: g++ -E  conftest.cpp
conftest.cpp:9: fatal error: ac_nonexistent.h: No such file or directory
compilation terminated.
configure:3400: $? = 1
configure: failed program was:
| /* confdefs.h */
| #define PACKAGE_NAME "kyotocabinet"
| #define PACKAGE_TARNAME "kyotocabinet"
| #define PACKAGE_VERSION "1.2.70"
| #define PACKAGE_STRING "kyotocabinet 1.2.70"
| #define PACKAGE_BUGREPORT ""
| #define PACKAGE_URL ""
| /* end confdefs.h.  */
| #include <ac_nonexistent.h>
configure:3425: result: g++ -E
configure:3445: g++ -E  conftest.cpp
configure:3445: $? = 0
configure:3459: g++ -E  conftest.cpp
conftest.cpp:9: fatal error: ac_nonexistent.h: No such file or directory
compilation terminated.
configure:3459: $? = 1
configure: failed program was:
| /* confdefs.h */
| #define PACKAGE_NAME "kyotocabinet"
| #define PACKAGE_TARNAME "kyotocabinet"
| #define PACKAGE_VERSION "1.2.70"
| #define PACKAGE_STRING "kyotocabinet 1.2.70"
| #define PACKAGE_BUGREPORT ""
| #define PACKAGE_URL ""
| /* end confdefs.h.  */
| #include <ac_nonexistent.h>
configure:3488: checking for grep that handles long lines and -e
configure:3546: result: /bin/grep
configure:3551: checking for egrep
configure:3613: result: /bin/grep -E
configure:3618: checking for ANSI C header files
configure:3638: g++ -c -g -O2  conftest.cpp >&5
configure:3638: $? = 0
configure:3711: g++ -o conftest -g -O2   conftest.cpp  >&5
configure:3711: $? = 0
configure:3711: ./conftest
configure:3711: $? = 0
configure:3722: result: yes
configure:3735: checking for sys/types.h
configure:3735: g++ -c -g -O2  conftest.cpp >&5
configure:3735: $? = 0
configure:3735: result: yes
configure:3735: checking for sys/stat.h
configure:3735: g++ -c -g -O2  conftest.cpp >&5
configure:3735: $? = 0
configure:3735: result: yes
configure:3735: checking for stdlib.h
configure:3735: g++ -c -g -O2  conftest.cpp >&5
configure:3735: $? = 0
configure:3735: result: yes
configure:3735: checking for string.h
configure:3735: g++ -c -g -O2  conftest.cpp >&5
configure:3735: $? = 0
configure:3735: result: yes
configure:3735: checking for memory.h
configure:3735: g++ -c -g -O2  conftest.cpp >&5
configure:3735: $? = 0
configure:3735: result: yes
configure:3735: checking for strings.h
configure:3735: g++ -c -g -O2  conftest.cpp >&5
configure:3735: $? = 0
configure:3735: result: yes
configure:3735: checking for inttypes.h
configure:3735: g++ -c -g -O2  conftest.cpp >&5
configure:3735: $? = 0
configure:3735: result: yes
configure:3735: checking for stdint.h
configure:3735: g++ -c -g -O2  conftest.cpp >&5
configure:3735: $? = 0
configure:3735: result: yes
configure:3735: checking for unistd.h
configure:3735: g++ -c -g -O2  conftest.cpp >&5
configure:3735: $? = 0
configure:3735: result: yes
configure:3747: checking whether byte ordering is bigendian
configure:3762: g++ -c -g -O2  conftest.cpp >&5
conftest.cpp:20: error: expected unqualified-id before '!' token
configure:3762: $? = 1
configure: failed program was:
| /* confdefs.h */
| #define PACKAGE_NAME "kyotocabinet"
| #define PACKAGE_TARNAME "kyotocabinet"
| #define PACKAGE_VERSION "1.2.70"
| #define PACKAGE_STRING "kyotocabinet 1.2.70"
| #define PACKAGE_BUGREPORT ""
| #define PACKAGE_URL ""
| #define STDC_HEADERS 1
| #define HAVE_SYS_TYPES_H 1
| #define HAVE_SYS_STAT_H 1
| #define HAVE_STDLIB_H 1
| #define HAVE_STRING_H 1
| #define HAVE_MEMORY_H 1
| #define HAVE_STRINGS_H 1
| #define HAVE_INTTYPES_H 1
| #define HAVE_STDINT_H 1
| #define HAVE_UNISTD_H 1
| /* end confdefs.h.  */
| #ifndef __APPLE_CC__
| 	       not a universal capable compiler
| 	     #endif
| 	     typedef int dummy;
| 
configure:3807: g++ -c -g -O2  conftest.cpp >&5
configure:3807: $? = 0
configure:3825: g++ -c -g -O2  conftest.cpp >&5
conftest.cpp: In function 'int main()':
conftest.cpp:26: error: 'big' was not declared in this scope
conftest.cpp:26: error: expected ';' before 'endian'
configure:3825: $? = 1
configure: failed program was:
| /* confdefs.h */
| #define PACKAGE_NAME "kyotocabinet"
| #define PACKAGE_TARNAME "kyotocabinet"
| #define PACKAGE_VERSION "1.2.70"
| #define PACKAGE_STRING "kyotocabinet 1.2.70"
| #define PACKAGE_BUGREPORT ""
| #define PACKAGE_URL ""
| #define STDC_HEADERS 1
| #define HAVE_SYS_TYPES_H 1
| #define HAVE_SYS_STAT_H 1
| #define HAVE_STDLIB_H 1
| #define HAVE_STRING_H 1
| #define HAVE_MEMORY_H 1
| #define HAVE_STRINGS_H 1
| #define HAVE_INTTYPES_H 1
| #define HAVE_STDINT_H 1
| #define HAVE_UNISTD_H 1
| /* end confdefs.h.  */
| #include <sys/types.h>
| 		#include <sys/param.h>
| 
| int
| main ()
| {
| #if BYTE_ORDER != BIG_ENDIAN
| 		 not big endian
| 		#endif
| 
|   ;
|   return 0;
| }
configure:3953: result: no
configure:4009: g++ -c -g -O2  conftest.cpp >&5
configure:4009: $? = 0
configure:4025: checking for main in -lc
configure:4044: g++ -o conftest -g -O2   conftest.cpp -lc   >&5
configure:4044: $? = 0
configure:4053: result: yes
configure:4064: checking for main in -lm
configure:4083: g++ -o conftest -g -O2   conftest.cpp -lm  -lc  >&5
configure:4083: $? = 0
configure:4092: result: yes
configure:4103: checking for main in -lpthread
configure:4122: g++ -o conftest -g -O2   conftest.cpp -lpthread  -lm -lc  >&5
configure:4122: $? = 0
configure:4131: result: yes
configure:4142: checking for main in -lrt
configure:4161: g++ -o conftest -g -O2   conftest.cpp -lrt  -lpthread -lm -lc  >&5
configure:4161: $? = 0
configure:4170: result: yes
configure:4181: checking for main in -lstdc++
configure:4200: g++ -o conftest -g -O2   conftest.cpp -lstdc++  -lrt -lpthread -lm -lc  >&5
configure:4200: $? = 0
configure:4209: result: yes
configure:4220: checking for main in -lregex
configure:4239: g++ -o conftest -g -O2   conftest.cpp -lregex  -lstdc++ -lrt -lpthread -lm -lc  >&5
/usr/bin/ld: cannot find -lregex
collect2: ld returned 1 exit status
configure:4239: $? = 1
configure: failed program was:
| /* confdefs.h */
| #define PACKAGE_NAME "kyotocabinet"
| #define PACKAGE_TARNAME "kyotocabinet"
| #define PACKAGE_VERSION "1.2.70"
| #define PACKAGE_STRING "kyotocabinet 1.2.70"
| #define PACKAGE_BUGREPORT ""
| #define PACKAGE_URL ""
| #define STDC_HEADERS 1
| #define HAVE_SYS_TYPES_H 1
| #define HAVE_SYS_STAT_H 1
| #define HAVE_STDLIB_H 1
| #define HAVE_STRING_H 1
| #define HAVE_MEMORY_H 1
| #define HAVE_STRINGS_H 1
| #define HAVE_INTTYPES_H 1
| #define HAVE_STDINT_H 1
| #define HAVE_UNISTD_H 1
| #define HAVE_LIBC 1
| #define HAVE_LIBM 1
| #define HAVE_LIBPTHREAD 1
| #define HAVE_LIBRT 1
| #define HAVE_LIBSTDC__ 1
| /* end confdefs.h.  */
| 
| 
| int
| main ()
| {
| return main ();
|   ;
|   return 0;
| }
configure:4248: result: no
configure:4261: checking for main in -lz
configure:4280: g++ -o conftest -g -O2   conftest.cpp -lz  -lstdc++ -lrt -lpthread -lm -lc  >&5
configure:4280: $? = 0
configure:4289: result: yes
configure:4385: checking for main in -lkyotocabinet
configure:4404: g++ -o conftest -g -O2   conftest.cpp -lkyotocabinet  -lz -lstdc++ -lrt -lpthread -lm -lc  >&5
/usr/bin/ld: cannot find -lkyotocabinet
collect2: ld returned 1 exit status
configure:4404: $? = 1
configure: failed program was:
| /* confdefs.h */
| #define PACKAGE_NAME "kyotocabinet"
| #define PACKAGE_TARNAME "kyotocabinet"
| #define PACKAGE_VERSION "1.2.70"
| #define PACKAGE_STRING "kyotocabinet 1.2.70"
| #define PACKAGE_BUGREPORT ""
| #define PACKAGE_URL ""
| #define STDC_HEADERS 1
| #define HAVE_SYS_TYPES_H 1
| #define HAVE_SYS_STAT_H 1
| #define HAVE_STDLIB_H 1
| #define HAVE_STRING_H 1
| #define HAVE_MEMORY_H 1
| #define HAVE_STRINGS_H 1
| #define HAVE_INTTYPES_H 1
| #define HAVE_STDINT_H 1
| #define HAVE_UNISTD_H 1
| #define HAVE_LIBC 1
| #define HAVE_LIBM 1
| #define HAVE_LIBPTHREAD 1
| #define HAVE_LIBRT 1
| #define HAVE_LIBSTDC__ 1
| #define HAVE_LIBZ 1
| /* end confdefs.h.  */
| 
| 
| int
| main ()
| {
| return main ();
|   ;
|   return 0;
| }
configure:4413: result: no
configure:4423: checking for stdlib.h
configure:4423: result: yes
configure:4431: checking for stdint.h
configure:4431: result: yes
configure:4439: checking for unistd.h
configure:4439: result: yes
configure:4447: checking fcntl.h usability
configure:4447: g++ -c -g -O2  conftest.cpp >&5
configure:4447: $? = 0
configure:4447: result: yes
configure:4447: checking fcntl.h presence
configure:4447: g++ -E  conftest.cpp
configure:4447: $? = 0
configure:4447: result: yes
configure:4447: checking for fcntl.h
configure:4447: result: yes
configure:4455: checking dirent.h usability
configure:4455: g++ -c -g -O2  conftest.cpp >&5
configure:4455: $? = 0
configure:4455: result: yes
configure:4455: checking dirent.h presence
configure:4455: g++ -E  conftest.cpp
configure:4455: $? = 0
configure:4455: result: yes
configure:4455: checking for dirent.h
configure:4455: result: yes
configure:4463: checking pthread.h usability
configure:4463: g++ -c -g -O2  conftest.cpp >&5
configure:4463: $? = 0
configure:4463: result: yes
configure:4463: checking pthread.h presence
configure:4463: g++ -E  conftest.cpp
configure:4463: $? = 0
configure:4463: result: yes
configure:4463: checking for pthread.h
configure:4463: result: yes
configure:4471: checking regex.h usability
configure:4471: g++ -c -g -O2  conftest.cpp >&5
configure:4471: $? = 0
configure:4471: result: yes
configure:4471: checking regex.h presence
configure:4471: g++ -E  conftest.cpp
configure:4471: $? = 0
configure:4471: result: yes
configure:4471: checking for regex.h
configure:4471: result: yes
configure:4481: checking zlib.h usability
configure:4481: g++ -c -g -O2  conftest.cpp >&5
configure:4481: $? = 0
configure:4481: result: yes
configure:4481: checking zlib.h presence
configure:4481: g++ -E  conftest.cpp
configure:4481: $? = 0
configure:4481: result: yes
configure:4481: checking for zlib.h
configure:4481: result: yes
configure:4722: creating ./config.status

## ---------------------- ##
## Running config.status. ##
## ---------------------- ##

This file was extended by kyotocabinet config.status 1.2.70, which was
generated by GNU Autoconf 2.67.  Invocation command line was

  CONFIG_FILES    = 
  CONFIG_HEADERS  = 
  CONFIG_LINKS    = 
  CONFIG_COMMANDS = 
  $ ./config.status 

on dragon-laptop

config.status:760: creating Makefile
config.status:760: creating kyotocabinet.pc

## ---------------- ##
## Cache variables. ##
## ---------------- ##

ac_cv_c_bigendian=no
ac_cv_c_compiler_gnu=yes
ac_cv_cxx_compiler_gnu=yes
ac_cv_env_CCC_set=
ac_cv_env_CCC_value=
ac_cv_env_CC_set=
ac_cv_env_CC_value=
ac_cv_env_CFLAGS_set=
ac_cv_env_CFLAGS_value=
ac_cv_env_CPPFLAGS_set=
ac_cv_env_CPPFLAGS_value=
ac_cv_env_CXXCPP_set=
ac_cv_env_CXXCPP_value=
ac_cv_env_CXXFLAGS_set=
ac_cv_env_CXXFLAGS_value=
ac_cv_env_CXX_set=
ac_cv_env_CXX_value=
ac_cv_env_LDFLAGS_set=
ac_cv_env_LDFLAGS_value=
ac_cv_env_LIBS_set=
ac_cv_env_LIBS_value=
ac_cv_env_build_alias_set=
ac_cv_env_build_alias_value=
ac_cv_env_host_alias_set=
ac_cv_env_host_alias_value=
ac_cv_env_target_alias_set=
ac_cv_env_target_alias_value=
ac_cv_header_dirent_h=yes
ac_cv_header_fcntl_h=yes
ac_cv_header_inttypes_h=yes
ac_cv_header_memory_h=yes
ac_cv_header_pthread_h=yes
ac_cv_header_regex_h=yes
ac_cv_header_stdc=yes
ac_cv_header_stdint_h=yes
ac_cv_header_stdlib_h=yes
ac_cv_header_string_h=yes
ac_cv_header_strings_h=yes
ac_cv_header_sys_stat_h=yes
ac_cv_header_sys_types_h=yes
ac_cv_header_unistd_h=yes
ac_cv_header_zlib_h=yes
ac_cv_lib_c_main=yes
ac_cv_lib_kyotocabinet_main=no
ac_cv_lib_m_main=yes
ac_cv_lib_pthread_main=yes
ac_cv_lib_regex_main=no
ac_cv_lib_rt_main=yes
ac_cv_lib_stdcpp_main=yes
ac_cv_lib_z_main=yes
ac_cv_objext=o
ac_cv_path_EGREP='/bin/grep -E'
ac_cv_path_GREP=/bin/grep
ac_cv_prog_CXXCPP='g++ -E'
ac_cv_prog_ac_ct_CC=gcc
ac_cv_prog_ac_ct_CXX=g++
ac_cv_prog_cc_c89=
ac_cv_prog_cc_g=yes
ac_cv_prog_cxx_g=yes

## ----------------- ##
## Output variables. ##
## ----------------- ##

CC='gcc'
CFLAGS='-g -O2'
CPPFLAGS=''
CXX='g++'
CXXCPP='g++ -E'
CXXFLAGS='-g -O2'
DEFS='-DPACKAGE_NAME=\"kyotocabinet\" -DPACKAGE_TARNAME=\"kyotocabinet\" -DPACKAGE_VERSION=\"1.2.70\" -DPACKAGE_STRING=\"kyotocabinet\ 1.2.70\" -DPACKAGE_BUGREPORT=\"\" -DPACKAGE_URL=\"\" -DSTDC_HEADERS=1 -DHAVE_SYS_TYPES_H=1 -DHAVE_SYS_STAT_H=1 -DHAVE_STDLIB_H=1 -DHAVE_STRING_H=1 -DHAVE_MEMORY_H=1 -DHAVE_STRINGS_H=1 -DHAVE_INTTYPES_H=1 -DHAVE_STDINT_H=1 -DHAVE_UNISTD_H=1 -DHAVE_LIBC=1 -DHAVE_LIBM=1 -DHAVE_LIBPTHREAD=1 -DHAVE_LIBRT=1 -DHAVE_LIBSTDC__=1 -DHAVE_LIBZ=1'
ECHO_C=''
ECHO_N='-n'
ECHO_T=''
EGREP='/bin/grep -E'
EXEEXT=''
GREP='/bin/grep'
LDFLAGS=''
LIBOBJS=''
LIBS='-lz -lstdc++ -lrt -lpthread -lm -lc '
LTLIBOBJS=''
MYCFLAGS='-march=native -g -O2 -Wall -ansi -pedantic -fPIC -fsigned-char -g0 -O2'
MYCMDLDFLAGS=''
MYCMDLIBS=''
MYCOMMANDFILES='kcutiltest kcutilmgr kcprototest kcstashtest kccachetest kcgrasstest kchashtest kchashmgr kctreetest kctreemgr kcdirtest kcdirmgr kcforesttest kcforestmgr kcpolytest kcpolymgr kclangctest'
MYCPPFLAGS='-I. -I$(INCLUDEDIR) -I/usr/local/include -DNDEBUG -D_GNU_SOURCE=1 -D_FILE_OFFSET_BITS=64 -D_REENTRANT -D__EXTENSIONS__ -D_MYZLIB -D_MYGCCATOMIC'
MYCXXFLAGS='-march=native -g -O2 -Wall -fPIC -fsigned-char -g0 -O2'
MYDOCUMENTFILES='COPYING FOSSEXCEPTION ChangeLog doc kyotocabinet.idl'
MYFORMATVER='5'
MYHEADERFILES='kccommon.h kcutil.h kcthread.h kcfile.h kccompress.h kccompare.h kcmap.h kcregex.h kcdb.h kcplantdb.h kcprotodb.h kcstashdb.h kccachedb.h kchashdb.h kcdirdb.h kctextdb.h kcpolydb.h kcdbext.h kclangc.h'
MYLDFLAGS='-L. -L$(LIBDIR) -L/usr/local/lib -Wl,-rpath-link,.:/usr/local/lib:.:/usr/local/lib: -Wl,--as-needed'
MYLDLIBPATH='.:/usr/local/lib:'
MYLDLIBPATHENV='LD_LIBRARY_PATH'
MYLIBOBJFILES='kcutil.o kcthread.o kcfile.o kccompress.o kccompare.o kcmap.o kcregex.o kcdb.o kcplantdb.o kcprotodb.o kcstashdb.o kccachedb.o kchashdb.o kcdirdb.o kctextdb.o kcpolydb.o kcdbext.o kclangc.o'
MYLIBRARYFILES='libkyotocabinet.a libkyotocabinet.so.15.9.0 libkyotocabinet.so.15 libkyotocabinet.so'
MYLIBREV='9'
MYLIBVER='15'
MYMAN1FILES='kcutiltest.1 kcutilmgr.1 kcprototest.1 kcstashtest.1 kccachetest.1 kcgrasstest.1 kchashtest.1 kchashmgr.1 kctreetest.1 kctreemgr.1 kcdirtest.1 kcdirmgr.1 kcforesttest.1 kcforestmgr.1 kcpolytest.1 kcpolymgr.1 kclangctest.1'
MYPCFILES='kyotocabinet.pc'
MYPOSTCMD='true'
OBJEXT='o'
PACKAGE_BUGREPORT=''
PACKAGE_NAME='kyotocabinet'
PACKAGE_STRING='kyotocabinet 1.2.70'
PACKAGE_TARNAME='kyotocabinet'
PACKAGE_URL=''
PACKAGE_VERSION='1.2.70'
PATH_SEPARATOR=':'
SHELL='/bin/bash'
ac_ct_CC='gcc'
ac_ct_CXX='g++'
bindir='${exec_prefix}/bin'
build_alias=''
datadir='${datarootdir}'
datarootdir='${prefix}/share'
docdir='${datarootdir}/doc/${PACKAGE_TARNAME}'
dvidir='${docdir}'
exec_prefix='${prefix}'
host_alias=''
htmldir='${docdir}'
includedir='${prefix}/include'
infodir='${datarootdir}/info'
libdir='${exec_prefix}/lib'
libexecdir='${exec_prefix}/libexec'
localedir='${datarootdir}/locale'
localstatedir='${prefix}/var'
mandir='${datarootdir}/man'
oldincludedir='/usr/include'
pdfdir='${docdir}'
prefix='/usr/local/kt/cabinet'
program_transform_name='s,x,x,'
psdir='${docdir}'
sbindir='${exec_prefix}/sbin'
sharedstatedir='${prefix}/com'
sysconfdir='${prefix}/etc'
target_alias=''

## ----------- ##
## confdefs.h. ##
## ----------- ##

/* confdefs.h */
#define PACKAGE_NAME "kyotocabinet"
#define PACKAGE_TARNAME "kyotocabinet"
#define PACKAGE_VERSION "1.2.70"
#define PACKAGE_STRING "kyotocabinet 1.2.70"
#define PACKAGE_BUGREPORT ""
#define PACKAGE_URL ""
#define STDC_HEADERS 1
#define HAVE_SYS_TYPES_H 1
#define HAVE_SYS_STAT_H 1
#define HAVE_STDLIB_H 1
#define HAVE_STRING_H 1
#define HAVE_MEMORY_H 1
#define HAVE_STRINGS_H 1
#define HAVE_INTTYPES_H 1
#define HAVE_STDINT_H 1
#define HAVE_UNISTD_H 1
#define HAVE_LIBC 1
#define HAVE_LIBM 1
#define HAVE_LIBPTHREAD 1
#define HAVE_LIBRT 1
#define HAVE_LIBSTDC__ 1
#define HAVE_LIBZ 1

configure: exit 0
